<?xml version="1.0" encoding="UTF-8"?>
<!-- Generated by org.testng.reporters.JUnitXMLReporter -->
<testsuite hostname="WSD080" ignored="0" name="Test" tests="15" failures="0" timestamp="2020-04-25T14:07:50 IST" time="332.785" errors="0">
  <testcase name="@BeforeTest setup" time="332.626" classname="com.multicloud.BlockstorageTest">
    <failure type="org.openqa.selenium.TimeoutException" message="timeout
  (Session info: chrome=78.0.3904.70)
  (Driver info: chromedriver=78.0.3904.70 (edb9c9f3de0247fd912a77b7f6cae7447f6d3ad5-refs/branch-heads/3904@{#800}),platform=Windows NT 10.0.17763 x86_64) (WARNING: The server did not provide any stacktrace information)
Command duration or timeout: 300.02 seconds
Build info: version: &amp;apos;2.49.0&amp;apos;, revision: &amp;apos;365eeb4&amp;apos;, time: &amp;apos;2016-01-13 18:37:00&amp;apos;
System info: host: &amp;apos;WSD080&amp;apos;, ip: &amp;apos;192.168.0.20&amp;apos;, os.name: &amp;apos;Windows 10&amp;apos;, os.arch: &amp;apos;amd64&amp;apos;, os.version: &amp;apos;10.0&amp;apos;, java.version: &amp;apos;1.8.0_241&amp;apos;
Driver info: org.openqa.selenium.chrome.ChromeDriver
Capabilities [{mobileEmulationEnabled=false, timeouts={implicit=0, pageLoad=300000, script=30000}, hasTouchScreen=false, platform=XP, acceptSslCerts=false, goog:chromeOptions={debuggerAddress=localhost:63104}, acceptInsecureCerts=false, webStorageEnabled=true, browserName=chrome, takesScreenshot=true, javascriptEnabled=true, setWindowRect=true, unexpectedAlertBehaviour=ignore, applicationCacheEnabled=false, rotatable=false, networkConnectionEnabled=false, chrome={chromedriverVersion=78.0.3904.70 (edb9c9f3de0247fd912a77b7f6cae7447f6d3ad5-refs/branch-heads/3904@{#800}), userDataDir=C:\Users\PUJA~1.DOM\AppData\Local\Temp\scoped_dir19960_1431654594}, takesHeapSnapshot=true, pageLoadStrategy=normal, strictFileInteractability=false, databaseEnabled=false, handlesAlerts=true, version=78.0.3904.70, browserConnectionEnabled=false, proxy={}, nativeEvents=true, locationContextEnabled=true, cssSelectorsEnabled=true}]
Session ID: e6f11659ffab9f1e8258e004ae58d27f">
      <![CDATA[org.openqa.selenium.TimeoutException: timeout
  (Session info: chrome=78.0.3904.70)
  (Driver info: chromedriver=78.0.3904.70 (edb9c9f3de0247fd912a77b7f6cae7447f6d3ad5-refs/branch-heads/3904@{#800}),platform=Windows NT 10.0.17763 x86_64) (WARNING: The server did not provide any stacktrace information)
Command duration or timeout: 300.02 seconds
Build info: version: '2.49.0', revision: '365eeb4', time: '2016-01-13 18:37:00'
System info: host: 'WSD080', ip: '192.168.0.20', os.name: 'Windows 10', os.arch: 'amd64', os.version: '10.0', java.version: '1.8.0_241'
Driver info: org.openqa.selenium.chrome.ChromeDriver
Capabilities [{mobileEmulationEnabled=false, timeouts={implicit=0, pageLoad=300000, script=30000}, hasTouchScreen=false, platform=XP, acceptSslCerts=false, goog:chromeOptions={debuggerAddress=localhost:63104}, acceptInsecureCerts=false, webStorageEnabled=true, browserName=chrome, takesScreenshot=true, javascriptEnabled=true, setWindowRect=true, unexpectedAlertBehaviour=ignore, applicationCacheEnabled=false, rotatable=false, networkConnectionEnabled=false, chrome={chromedriverVersion=78.0.3904.70 (edb9c9f3de0247fd912a77b7f6cae7447f6d3ad5-refs/branch-heads/3904@{#800}), userDataDir=C:\Users\PUJA~1.DOM\AppData\Local\Temp\scoped_dir19960_1431654594}, takesHeapSnapshot=true, pageLoadStrategy=normal, strictFileInteractability=false, databaseEnabled=false, handlesAlerts=true, version=78.0.3904.70, browserConnectionEnabled=false, proxy={}, nativeEvents=true, locationContextEnabled=true, cssSelectorsEnabled=true}]
Session ID: e6f11659ffab9f1e8258e004ae58d27f
at org.openqa.selenium.remote.ErrorHandler.createThrowable(ErrorHandler.java:206)
at org.openqa.selenium.remote.ErrorHandler.throwIfResponseFailed(ErrorHandler.java:158)
at org.openqa.selenium.remote.RemoteWebDriver.execute(RemoteWebDriver.java:678)
at org.openqa.selenium.remote.RemoteWebDriver.execute(RemoteWebDriver.java:701)
at org.openqa.selenium.remote.RemoteWebDriver.getTitle(RemoteWebDriver.java:320)
at com.multicloud.BlockstorageTest.setup(BlockstorageTest.java:54)
... Removed 28 stack frames]]>
    </failure>
  </testcase> <!-- @BeforeTest setup -->
  <testcase name="blockstorage" time="0.0" classname="com.multicloud.BlockstorageTest">
    <skipped/>
  </testcase> <!-- blockstorage -->
  <testcase name="AddStorage" time="0.0" classname="com.multicloud.BlockstorageTest">
    <skipped/>
  </testcase> <!-- AddStorage -->
  <testcase name="AddVolume" time="0.0" classname="com.multicloud.BlockstorageTest">
    <skipped/>
  </testcase> <!-- AddVolume -->
  <testcase name="EditVolume" time="0.0" classname="com.multicloud.BlockstorageTest">
    <skipped/>
  </testcase> <!-- EditVolume -->
  <testcase name="snapshot" time="0.0" classname="com.multicloud.BlockstorageTest">
    <skipped/>
  </testcase> <!-- snapshot -->
  <testcase name="DeleteSnapshot" time="0.0" classname="com.multicloud.BlockstorageTest">
    <skipped/>
  </testcase> <!-- DeleteSnapshot -->
  <testcase name="createhost" time="0.0" classname="com.multicloud.BlockstorageTest">
    <skipped/>
  </testcase> <!-- createhost -->
  <testcase name="attach" time="0.0" classname="com.multicloud.BlockstorageTest">
    <skipped/>
  </testcase> <!-- attach -->
  <testcase name="detach" time="0.0" classname="com.multicloud.BlockstorageTest">
    <skipped/>
  </testcase> <!-- detach -->
  <testcase name="appdeployment" time="0.0" classname="com.multicloud.BlockstorageTest">
    <skipped/>
  </testcase> <!-- appdeployment -->
  <testcase name="lifecycle" time="0.0" classname="com.multicloud.LifecycleTest">
    <skipped/>
  </testcase> <!-- lifecycle -->
  <testcase name="lifecyclecreate" time="0.0" classname="com.multicloud.LifecycleTest">
    <skipped/>
  </testcase> <!-- lifecyclecreate -->
  <testcase name="deleteobject" time="0.0" classname="com.multicloud.LifecycleTest">
    <skipped/>
  </testcase> <!-- deleteobject -->
  <testcase name="lifecycledelete" time="0.0" classname="com.multicloud.LifecycleTest">
    <skipped/>
  </testcase> <!-- lifecycledelete -->
  <testcase name="lifecycledeleteobject" time="0.0" classname="com.multicloud.LifecycleTest">
    <skipped/>
  </testcase> <!-- lifecycledeleteobject -->
</testsuite> <!-- Test -->
